Missing file /tmp/tmph0ypnge12/conf.g96
Missing file /tmp/tmpvk369o3l2/conf.g96
Missing file /tmp/tmpaf0ox2wh2/conf.g96
Missing file /tmp/tmpf8aqd2fs2/conf.g96
Missing file /tmp/tmp10owikme2/conf.g96
Missing file /tmp/tmpo87q8wks2/conf.g96
Missing file /tmp/tmpu9tu6frb2/conf.g96
Missing file /tmp/tmpa1svia3a2/conf.g96
Missing file /tmp/tmpncq3fda52/conf.g96
Missing file /tmp/tmpj21006f92/conf.g96
Missing file /tmp/tmp1g281ryk2/conf.g96
Missing file /tmp/tmp58x9hv0g2/conf.g96
Missing file /tmp/tmpij74ciyd2/conf.g96
Missing file /tmp/tmpggkxzbal2/conf.g96
Missing file /tmp/tmpxk5mysc62/conf.g96
Missing file /tmp/tmp8rsknxm32/conf.g96
Missing file /tmp/tmp20e61ym32/conf.g96
Missing file /tmp/tmpmsnzj5_y2/conf.g96
Missing file /tmp/tmp68l7uglu2/conf.g96
Missing file /tmp/tmp5nba2axi2/conf.g96
